GROUP,PACKAGE,CLASS,INSTRUCTION_MISSED,INSTRUCTION_COVERED,BRANCH_MISSED,BRANCH_COVERED,LINE_MISSED,LINE_COVERED,COMPLEXITY_MISSED,COMPLEXITY_COVERED,METHOD_MISSED,METHOD_COVERED
testingunidad,com.acunapuchetavv,Lista,382,0,62,0,123,0,43,0,12,0
testingunidad,com.acunapuchetavv,ArbolBinInt,442,117,62,24,114,37,54,14,19,6
testingunidad,com.acunapuchetavv,NodoArbolInt,16,29,0,0,7,12,2,6,2,6
testingunidad,com.acunapuchetavv,Nodo,39,0,0,0,16,0,7,0,7,0
testingunidad,com.acunapuchetavv,main,54,0,0,0,11,0,2,0,2,0
