<?xml version="1.0" encoding="UTF-8"?>
<testsuite xmlns:xsi="http://www.w3.org/2001/XMLSchema-instance" xsi:noNamespaceSchemaLocation="https://maven.apache.org/surefire/maven-surefire-plugin/xsd/surefire-test-report-3.0.xsd" version="3.0" name="com.acunapuchetavv.PlantacionTests" time="0.168" tests="43" errors="0" skipped="0" failures="0">
  <properties>
[...]
</properties>
  <testcase name="calcularEstadoLimiteMenosVeinteDaEstadoConReserva" classname="com.acunapuchetavv.PlantacionTests" time="0.032"/>
  <testcase name="addCultivosAceptado" classname="com.acunapuchetavv.PlantacionTests" time="0.007"/>
  <testcase name="deleteParcelaAceptado" classname="com.acunapuchetavv.PlantacionTests" time="0.002"/>
  <testcase name="getCultivos" classname="com.acunapuchetavv.PlantacionTests" time="0.001"/>
  <testcase name="deleteCultivosAceptado" classname="com.acunapuchetavv.PlantacionTests" time="0.001"/>
  <testcase name="transicionValidaImproductivoAProductivo" classname="com.acunapuchetavv.PlantacionTests" time="0.002"/>
  <testcase name="deleteParcelaInvalidoCeroMetros" classname="com.acunapuchetavv.PlantacionTests" time="0.001"/>
  <testcase name="TransicionInvalida" classname="com.acunapuchetavv.PlantacionTests" time="0.001"/>
  <testcase name="addParcelaRechazado" classname="com.acunapuchetavv.PlantacionTests" time="0.002"/>
  <testcase name="calcularEstadoNaN" classname="com.acunapuchetavv.PlantacionTests" time="0.001"/>
  <testcase name="getMetrosTotales" classname="com.acunapuchetavv.PlantacionTests" time="0.001"/>
  <testcase name="deleteCultivosInvalidoExcede" classname="com.acunapuchetavv.PlantacionTests" time="0.002"/>
  <testcase name="addCultivosRechazado" classname="com.acunapuchetavv.PlantacionTests" time="0.002"/>
  <testcase name="deleteParcelaRechazado" classname="com.acunapuchetavv.PlantacionTests" time="0.002"/>
  <testcase name="TransicionInvalidaNaN" classname="com.acunapuchetavv.PlantacionTests" time="0.002"/>
  <testcase name="calcularPo" classname="com.acunapuchetavv.PlantacionTests" time="0.002"/>
  <testcase name="getParcelas" classname="com.acunapuchetavv.PlantacionTests" time="0.001"/>
  <testcase name="Plantacion" classname="com.acunapuchetavv.PlantacionTests" time="0.001"/>
  <testcase name="permitirCambioCultivosTrue" classname="com.acunapuchetavv.PlantacionTests" time="0.001"/>
  <testcase name="getMetrosOcupados" classname="com.acunapuchetavv.PlantacionTests" time="0.001"/>
  <testcase name="transicionValidaConReservaAExcedido" classname="com.acunapuchetavv.PlantacionTests" time="0.001"/>
  <testcase name="permitirCambioCultivosValorLimiteFalse" classname="com.acunapuchetavv.PlantacionTests" time="0.001"/>
  <testcase name="deleteCultivosValorLimiteCero" classname="com.acunapuchetavv.PlantacionTests" time="0.001"/>
  <testcase name="cantidadTipoParcelaMediana" classname="com.acunapuchetavv.PlantacionTests" time="0.001"/>
  <testcase name="calcularEstadoDaEstadoConReserva" classname="com.acunapuchetavv.PlantacionTests" time="0.0"/>
  <testcase name="getEstado" classname="com.acunapuchetavv.PlantacionTests" time="0.001"/>
  <testcase name="deleteParcelaInvalidoMetros" classname="com.acunapuchetavv.PlantacionTests" time="0.001"/>
  <testcase name="cantidadTipoParcelaGrande" classname="com.acunapuchetavv.PlantacionTests" time="0.0"/>
  <testcase name="calcularEstadoLimiteCeroDaEstadoProductivo" classname="com.acunapuchetavv.PlantacionTests" time="0.001"/>
  <testcase name="calcularEstadoDaEstadoImproductivo" classname="com.acunapuchetavv.PlantacionTests" time="0.001"/>
  <testcase name="addCultivosInvalido" classname="com.acunapuchetavv.PlantacionTests" time="0.001"/>
  <testcase name="deleteParcelaInvalido" classname="com.acunapuchetavv.PlantacionTests" time="0.001"/>
  <testcase name="transicionValidaProductivoAConReserva" classname="com.acunapuchetavv.PlantacionTests" time="0.0"/>
  <testcase name="deleteCultivosInvalido" classname="com.acunapuchetavv.PlantacionTests" time="0.001"/>
  <testcase name="deleteCultivosRechazado" classname="com.acunapuchetavv.PlantacionTests" time="0.0"/>
  <testcase name="cantidadTipoParcelaInvalido" classname="com.acunapuchetavv.PlantacionTests" time="0.0"/>
  <testcase name="permitirCambioCultivosFalse" classname="com.acunapuchetavv.PlantacionTests" time="0.001"/>
  <testcase name="calcularEstadoLimiteDaEstadoProductivo" classname="com.acunapuchetavv.PlantacionTests" time="0.0"/>
  <testcase name="calcularEstadoDaEstadoProductivo" classname="com.acunapuchetavv.PlantacionTests" time="0.001"/>
  <testcase name="cantidadTipoParcelaChica" classname="com.acunapuchetavv.PlantacionTests" time="0.001"/>
  <testcase name="calcularEstadoDaEstadoExcedido" classname="com.acunapuchetavv.PlantacionTests" time="0.002"/>
  <testcase name="transicionValidaExcedidoAConReserva" classname="com.acunapuchetavv.PlantacionTests" time="0.001"/>
  <testcase name="addParcelaAceptado" classname="com.acunapuchetavv.PlantacionTests" time="0.001"/>
</testsuite>